<?xml version="1.0" encoding="UTF-8"?>
<robot generator="Robot 5.0.1 (Python 3.10.4 on darwin)" generated="20220612 14:32:00.242" rpa="false" schemaversion="3">
<suite id="s1" name="07SetupTeardown" source="/Users/nitchayaphan.kanpirompachira/Documents/bootcamp/bootcamp-robot/testcase/07SetupTeardown.robot">
<kw name="Log" library="BuiltIn" type="SETUP">
<arg>suite setup</arg>
<doc>Logs the given message with the given level.</doc>
<msg timestamp="20220612 14:32:00.253" level="INFO">suite setup</msg>
<status status="PASS" starttime="20220612 14:32:00.253" endtime="20220612 14:32:00.253"/>
</kw>
<test id="s1-t1" name="TC_0701 test" line="9">
<kw name="Log" library="BuiltIn" type="SETUP">
<arg>test setup</arg>
<doc>Logs the given message with the given level.</doc>
<msg timestamp="20220612 14:32:00.253" level="INFO">test setup</msg>
<status status="PASS" starttime="20220612 14:32:00.253" endtime="20220612 14:32:00.253"/>
</kw>
<kw name="Log" library="BuiltIn">
<arg>start</arg>
<doc>Logs the given message with the given level.</doc>
<msg timestamp="20220612 14:32:00.253" level="INFO">start</msg>
<status status="PASS" starttime="20220612 14:32:00.253" endtime="20220612 14:32:00.253"/>
</kw>
<kw name="Fail" library="BuiltIn">
<arg>force to fail</arg>
<doc>Fails the test with the given message and optionally alters its tags.</doc>
<msg timestamp="20220612 14:32:00.254" level="FAIL">force to fail</msg>
<status status="FAIL" starttime="20220612 14:32:00.253" endtime="20220612 14:32:00.254"/>
</kw>
<kw name="Log" library="BuiltIn">
<arg>finish</arg>
<doc>Logs the given message with the given level.</doc>
<status status="NOT RUN" starttime="20220612 14:32:00.254" endtime="20220612 14:32:00.254"/>
</kw>
<kw name="Log" library="BuiltIn" type="TEARDOWN">
<arg>test teardown</arg>
<doc>Logs the given message with the given level.</doc>
<msg timestamp="20220612 14:32:00.254" level="INFO">test teardown</msg>
<status status="PASS" starttime="20220612 14:32:00.254" endtime="20220612 14:32:00.254"/>
</kw>
<timeout value="3 seconds"/>
<status status="FAIL" starttime="20220612 14:32:00.253" endtime="20220612 14:32:00.254">force to fail</status>
</test>
<test id="s1-t2" name="TC_0702 test" line="13">
<kw name="Log" library="BuiltIn" type="SETUP">
<arg>override test setup</arg>
<doc>Logs the given message with the given level.</doc>
<msg timestamp="20220612 14:32:00.254" level="INFO">override test setup</msg>
<status status="PASS" starttime="20220612 14:32:00.254" endtime="20220612 14:32:00.254"/>
</kw>
<kw name="Log" library="BuiltIn">
<arg>start</arg>
<doc>Logs the given message with the given level.</doc>
<msg timestamp="20220612 14:32:00.254" level="INFO">start</msg>
<status status="PASS" starttime="20220612 14:32:00.254" endtime="20220612 14:32:00.255"/>
</kw>
<kw name="Log" library="BuiltIn">
<arg>finish</arg>
<doc>Logs the given message with the given level.</doc>
<msg timestamp="20220612 14:32:00.255" level="INFO">finish</msg>
<status status="PASS" starttime="20220612 14:32:00.255" endtime="20220612 14:32:00.255"/>
</kw>
<kw name="Log" library="BuiltIn" type="TEARDOWN">
<arg>override test teardown</arg>
<doc>Logs the given message with the given level.</doc>
<msg timestamp="20220612 14:32:00.255" level="INFO">override test teardown</msg>
<status status="PASS" starttime="20220612 14:32:00.255" endtime="20220612 14:32:00.255"/>
</kw>
<timeout value="3 seconds"/>
<status status="PASS" starttime="20220612 14:32:00.254" endtime="20220612 14:32:00.255"/>
</test>
<test id="s1-t3" name="TC_0703 test" line="18">
<kw name="Log" library="BuiltIn" type="SETUP">
<arg>test setup</arg>
<doc>Logs the given message with the given level.</doc>
<msg timestamp="20220612 14:32:00.255" level="INFO">test setup</msg>
<status status="PASS" starttime="20220612 14:32:00.255" endtime="20220612 14:32:00.255"/>
</kw>
<kw name="Log" library="BuiltIn">
<arg>start</arg>
<doc>Logs the given message with the given level.</doc>
<msg timestamp="20220612 14:32:00.255" level="INFO">start</msg>
<status status="PASS" starttime="20220612 14:32:00.255" endtime="20220612 14:32:00.255"/>
</kw>
<kw name="Sleep" library="BuiltIn">
<arg>4</arg>
<doc>Pauses the test executed for the given time.</doc>
<msg timestamp="20220612 14:32:03.259" level="FAIL">Test timeout 3 seconds exceeded.</msg>
<status status="FAIL" starttime="20220612 14:32:00.255" endtime="20220612 14:32:03.259"/>
</kw>
<kw name="Log" library="BuiltIn">
<arg>finish</arg>
<doc>Logs the given message with the given level.</doc>
<status status="NOT RUN" starttime="20220612 14:32:03.260" endtime="20220612 14:32:03.260"/>
</kw>
<kw name="Log" library="BuiltIn" type="TEARDOWN">
<arg>test teardown</arg>
<doc>Logs the given message with the given level.</doc>
<msg timestamp="20220612 14:32:03.261" level="INFO">test teardown</msg>
<status status="PASS" starttime="20220612 14:32:03.261" endtime="20220612 14:32:03.261"/>
</kw>
<timeout value="3 seconds"/>
<status status="FAIL" starttime="20220612 14:32:00.255" endtime="20220612 14:32:03.261">Test timeout 3 seconds exceeded.</status>
</test>
<test id="s1-t4" name="TC_0704 test" line="22">
<kw name="Log" library="BuiltIn" type="SETUP">
<arg>test setup</arg>
<doc>Logs the given message with the given level.</doc>
<msg timestamp="20220612 14:32:03.263" level="INFO">test setup</msg>
<status status="PASS" starttime="20220612 14:32:03.262" endtime="20220612 14:32:03.263"/>
</kw>
<kw name="Log" library="BuiltIn">
<arg>start</arg>
<doc>Logs the given message with the given level.</doc>
<msg timestamp="20220612 14:32:03.263" level="INFO">start</msg>
<status status="PASS" starttime="20220612 14:32:03.263" endtime="20220612 14:32:03.263"/>
</kw>
<kw name="Sleep" library="BuiltIn">
<arg>4</arg>
<doc>Pauses the test executed for the given time.</doc>
<msg timestamp="20220612 14:32:07.264" level="INFO">Slept 4 seconds</msg>
<status status="PASS" starttime="20220612 14:32:03.263" endtime="20220612 14:32:07.264"/>
</kw>
<kw name="Log" library="BuiltIn">
<arg>finish</arg>
<doc>Logs the given message with the given level.</doc>
<msg timestamp="20220612 14:32:07.265" level="INFO">finish</msg>
<status status="PASS" starttime="20220612 14:32:07.264" endtime="20220612 14:32:07.265"/>
</kw>
<kw name="Log" library="BuiltIn" type="TEARDOWN">
<arg>test teardown</arg>
<doc>Logs the given message with the given level.</doc>
<msg timestamp="20220612 14:32:07.265" level="INFO">test teardown</msg>
<status status="PASS" starttime="20220612 14:32:07.265" endtime="20220612 14:32:07.265"/>
</kw>
<timeout value="5 seconds"/>
<status status="PASS" starttime="20220612 14:32:03.262" endtime="20220612 14:32:07.266"/>
</test>
<kw name="Log" library="BuiltIn" type="TEARDOWN">
<arg>suite teardown</arg>
<doc>Logs the given message with the given level.</doc>
<msg timestamp="20220612 14:32:07.267" level="INFO">suite teardown</msg>
<status status="PASS" starttime="20220612 14:32:07.267" endtime="20220612 14:32:07.267"/>
</kw>
<status status="FAIL" starttime="20220612 14:32:00.242" endtime="20220612 14:32:07.267"/>
</suite>
<statistics>
<total>
<stat pass="2" fail="2" skip="0">All Tests</stat>
</total>
<tag>
</tag>
<suite>
<stat pass="2" fail="2" skip="0" id="s1" name="07SetupTeardown">07SetupTeardown</stat>
</suite>
</statistics>
<errors>
</errors>
</robot>
